<?xml version="1.0" encoding="UTF-8"?>
<!-- Generated by org.testng.reporters.JUnitXMLReporter -->
<testsuite hostname="Rajeshwar" ignored="1" tests="1" failures="1" timestamp="23 Nov 2018 05:21:24 GMT" time="0.101" errors="0">
  <testcase name="testB" time="0.014" classname="TestNgDemo">
    <failure type="java.lang.Error" message="Unresolved compilation problem: 
	sReporter cannot be resolved
">
      <![CDATA[java.lang.Error: Unresolved compilation problem: 
sReporter cannot be resolved

at TestNgDemo.testB(TestNgDemo.java:28)
... Removed 25 stack frames]]>
    </failure>
  </testcase> <!-- testB -->
  <testcase name="testA" time="0.0" classname="TestNgDemo">
    <ignored/>
  </testcase> <!-- testA -->
</testsuite>
