<?xml version="1.0" encoding="UTF-8"?>
<!-- Generated by org.testng.reporters.JUnitXMLReporter -->
<testsuite hostname="Rajeshwar" ignored="2" name="Default test(failed)" tests="1" failures="0" timestamp="10 Nov 2018 14:07:49 GMT" time="0.064" errors="0">
  <testcase name="a_test" time="0.025" classname="firsttestngpackage.FirstTestNgFile"/>
  <testcase name="verifyHomepageTitle" time="0.0" classname="firsttestngpackage.FirstTestNgFile">
    <ignored/>
  </testcase> <!-- verifyHomepageTitle -->
  <testcase name="c_test" time="0.0" classname="firsttestngpackage.FirstTestNgFile">
    <ignored/>
  </testcase> <!-- c_test -->
</testsuite> <!-- Default test(failed) -->
